2020-04-09 11:22:24,727 [Worker-5: Loading available Gradle versions] INFO  o.e.b.c.i.u.g.PublishedGradleVersions - Gradle version information cache is up-to-date. Trying to read.
2020-04-09 11:38:07,949 [Worker-1: Loading available Gradle versions] INFO  o.e.b.c.i.u.g.PublishedGradleVersions - Gradle version information cache is up-to-date. Trying to read.
2020-04-09 14:07:07,954 [Worker-2: Loading available Gradle versions] INFO  o.e.b.c.i.u.g.PublishedGradleVersions - Gradle version information cache is up-to-date. Trying to read.
2020-08-16 07:43:00,105 [Worker-4: Loading available Gradle versions] INFO  o.e.b.c.i.u.g.PublishedGradleVersions - Gradle version information cache is out-of-date. Trying to update.
2020-08-16 07:43:01,694 [Worker-4: Loading available Gradle versions] INFO  o.e.b.c.i.u.g.PublishedGradleVersions - Updating Gradle version information cache failed. Using outdated cache.
2020-08-16 07:46:41,978 [Start Help Server] INFO  org.eclipse.jetty.util.log - Logging initialized @323768ms to org.eclipse.jetty.util.log.Slf4jLog
2020-08-16 07:46:42,701 [Start Help Server] INFO  org.eclipse.jetty.server.Server - jetty-9.4.27.v20200227; built: 2020-03-02T14:40:42.212Z; git: a304fd9f351f337e7c0e2a7c28878dd536149c6c; jvm 13.0.1+9
2020-08-16 07:46:42,773 [Start Help Server] INFO  org.eclipse.jetty.server.session - DefaultSessionIdManager workerName=node0
2020-08-16 07:46:42,774 [Start Help Server] INFO  org.eclipse.jetty.server.session - No SessionScavenger set, using defaults
2020-08-16 07:46:42,775 [Start Help Server] INFO  org.eclipse.jetty.server.session - node0 Scavenging every 660000ms
2020-08-16 07:46:42,850 [Start Help Server] INFO  o.e.j.server.handler.ContextHandler - Started o.e.j.s.ServletContextHandler@54fb4628{/help,null,AVAILABLE}
2020-08-16 07:46:43,077 [Start Help Server] INFO  o.e.jetty.server.AbstractConnector - Started ServerConnector@789eedfe{HTTP/1.1, (http/1.1)}{127.0.0.1:50434}
2020-08-16 07:46:43,077 [Start Help Server] INFO  org.eclipse.jetty.server.Server - Started @324872ms
2020-08-16 07:46:43,078 [Start Help Server] INFO  org.eclipse.jetty.server.session - node0 Scavenging every 726000ms
2020-08-16 07:46:45,244 [qtp655992928-67] WARN  o.eclipse.jetty.server.HttpChannel - handleException /help/index.jsp java.io.IOException: classFile.delete() failed
2020-08-16 11:18:16,462 [Stop Help Server] INFO  o.e.jetty.server.AbstractConnector - Stopped ServerConnector@789eedfe{HTTP/1.1, (http/1.1)}{127.0.0.1:0}
2020-08-16 11:18:16,466 [Stop Help Server] INFO  org.eclipse.jetty.server.session - node0 Stopped scavenging
2020-08-16 11:18:16,566 [Stop Help Server] INFO  o.e.j.server.handler.ContextHandler - Stopped o.e.j.s.ServletContextHandler@54fb4628{/help,null,UNAVAILABLE}
2020-08-16 14:45:07,231 [Worker-6: Loading available Gradle versions] INFO  o.e.b.c.i.u.g.PublishedGradleVersions - Gradle version information cache is out-of-date. Trying to update.
2020-08-16 14:45:07,644 [Worker-6: Loading available Gradle versions] INFO  o.e.b.c.i.u.g.PublishedGradleVersions - Updating Gradle version information cache failed. Using outdated cache.
2020-08-16 19:16:09,551 [Worker-5: Loading available Gradle versions] INFO  o.e.b.c.i.u.g.PublishedGradleVersions - Gradle version information cache is out-of-date. Trying to update.
2020-08-16 19:16:10,303 [Worker-5: Loading available Gradle versions] INFO  o.e.b.c.i.u.g.PublishedGradleVersions - Updating Gradle version information cache failed. Using outdated cache.
2020-08-18 06:32:30,063 [Worker-5: Loading available Gradle versions] INFO  o.e.b.c.i.u.g.PublishedGradleVersions - Gradle version information cache is out-of-date. Trying to update.
2020-08-18 06:32:31,370 [Worker-5: Loading available Gradle versions] INFO  o.e.b.c.i.u.g.PublishedGradleVersions - Updating Gradle version information cache failed. Using outdated cache.
2020-08-18 09:51:31,096 [Worker-2: Loading available Gradle versions] INFO  o.e.b.c.i.u.g.PublishedGradleVersions - Gradle version information cache is out-of-date. Trying to update.
2020-08-18 09:51:31,913 [Worker-2: Loading available Gradle versions] INFO  o.e.b.c.i.u.g.PublishedGradleVersions - Updating Gradle version information cache failed. Using outdated cache.
2020-08-18 12:37:05,411 [Worker-4: Loading available Gradle versions] INFO  o.e.b.c.i.u.g.PublishedGradleVersions - Gradle version information cache is out-of-date. Trying to update.
2020-08-18 12:37:07,467 [Worker-4: Loading available Gradle versions] INFO  o.e.b.c.i.u.g.PublishedGradleVersions - Updating Gradle version information cache failed. Using outdated cache.
2020-08-18 14:56:46,259 [Worker-9: Loading available Gradle versions] INFO  o.e.b.c.i.u.g.PublishedGradleVersions - Gradle version information cache is out-of-date. Trying to update.
2020-08-18 14:56:46,698 [Worker-9: Loading available Gradle versions] INFO  o.e.b.c.i.u.g.PublishedGradleVersions - Updating Gradle version information cache failed. Using outdated cache.
2020-08-19 06:51:57,258 [Worker-7: Loading available Gradle versions] INFO  o.e.b.c.i.u.g.PublishedGradleVersions - Gradle version information cache is out-of-date. Trying to update.
2020-08-19 06:51:57,685 [Worker-7: Loading available Gradle versions] INFO  o.e.b.c.i.u.g.PublishedGradleVersions - Updating Gradle version information cache failed. Using outdated cache.
2020-08-19 12:49:45,471 [Worker-0: Loading available Gradle versions] INFO  o.e.b.c.i.u.g.PublishedGradleVersions - Gradle version information cache is out-of-date. Trying to update.
2020-08-19 12:49:46,874 [Worker-0: Loading available Gradle versions] INFO  o.e.b.c.i.u.g.PublishedGradleVersions - Updating Gradle version information cache failed. Using outdated cache.
2020-08-20 06:48:17,728 [Worker-6: Loading available Gradle versions] INFO  o.e.b.c.i.u.g.PublishedGradleVersions - Gradle version information cache is out-of-date. Trying to update.
2020-08-20 06:48:20,150 [Worker-6: Loading available Gradle versions] INFO  o.e.b.c.i.u.g.PublishedGradleVersions - Updating Gradle version information cache failed. Using outdated cache.
2020-08-21 07:00:09,738 [Worker-7: Loading available Gradle versions] INFO  o.e.b.c.i.u.g.PublishedGradleVersions - Gradle version information cache is out-of-date. Trying to update.
2020-08-21 07:00:10,511 [Worker-7: Loading available Gradle versions] INFO  o.e.b.c.i.u.g.PublishedGradleVersions - Updating Gradle version information cache failed. Using outdated cache.
2020-08-23 09:00:18,109 [Worker-0: Loading available Gradle versions] INFO  o.e.b.c.i.u.g.PublishedGradleVersions - Gradle version information cache is out-of-date. Trying to update.
2020-08-23 09:00:18,557 [Worker-0: Loading available Gradle versions] INFO  o.e.b.c.i.u.g.PublishedGradleVersions - Updating Gradle version information cache failed. Using outdated cache.
2020-10-06 09:23:40,976 [Worker-3: Loading available Gradle versions] INFO  o.e.b.c.i.u.g.PublishedGradleVersions - Gradle version information cache is out-of-date. Trying to update.
2020-10-06 09:23:41,592 [Worker-3: Loading available Gradle versions] INFO  o.e.b.c.i.u.g.PublishedGradleVersions - Updating Gradle version information cache failed. Using outdated cache.
2020-10-09 19:31:47,226 [Worker-3: Loading available Gradle versions] INFO  o.e.b.c.i.u.g.PublishedGradleVersions - Gradle version information cache is out-of-date. Trying to update.
2020-10-09 19:31:47,955 [Worker-3: Loading available Gradle versions] INFO  o.e.b.c.i.u.g.PublishedGradleVersions - Updating Gradle version information cache failed. Using outdated cache.
2020-10-15 06:13:22,594 [Worker-6: Loading available Gradle versions] INFO  o.e.b.c.i.u.g.PublishedGradleVersions - Gradle version information cache is out-of-date. Trying to update.
2020-10-15 06:13:23,302 [Worker-6: Loading available Gradle versions] INFO  o.e.b.c.i.u.g.PublishedGradleVersions - Updating Gradle version information cache failed. Using outdated cache.
2020-10-15 10:00:56,371 [Worker-7: Loading available Gradle versions] INFO  o.e.b.c.i.u.g.PublishedGradleVersions - Gradle version information cache is out-of-date. Trying to update.
2020-10-15 10:00:57,248 [Worker-7: Loading available Gradle versions] INFO  o.e.b.c.i.u.g.PublishedGradleVersions - Updating Gradle version information cache failed. Using outdated cache.
2020-10-18 08:37:16,180 [Worker-4: Loading available Gradle versions] INFO  o.e.b.c.i.u.g.PublishedGradleVersions - Gradle version information cache is out-of-date. Trying to update.
2020-10-18 08:37:17,229 [Worker-4: Loading available Gradle versions] INFO  o.e.b.c.i.u.g.PublishedGradleVersions - Updating Gradle version information cache failed. Using outdated cache.
2020-11-28 10:15:22,096 [Worker-0: Loading available Gradle versions] INFO  o.e.b.c.i.u.g.PublishedGradleVersions - Gradle version information cache is out-of-date. Trying to update.
2020-11-28 10:15:22,360 [Worker-0: Loading available Gradle versions] INFO  o.e.b.c.i.u.g.PublishedGradleVersions - Updating Gradle version information cache failed. Using outdated cache.
2021-03-05 09:00:36,276 [main] WARN  org.eclipse.jgit.util.FS_Win32 - null
2021-03-05 09:00:44,511 [Worker-0: Loading available Gradle versions] INFO  o.e.b.c.i.u.g.PublishedGradleVersions - Gradle version information cache is out-of-date. Trying to update.
2021-03-05 09:00:44,908 [Worker-0: Loading available Gradle versions] INFO  o.e.b.c.i.u.g.PublishedGradleVersions - Updating Gradle version information cache failed. Using outdated cache.
2021-03-13 15:38:53,033 [main] WARN  org.eclipse.jgit.util.FS_Win32 - null
2021-03-13 15:39:58,186 [Worker-5: Loading available Gradle versions] INFO  o.e.b.c.i.u.g.PublishedGradleVersions - Gradle version information cache is out-of-date. Trying to update.
2021-03-13 15:39:58,688 [Worker-5: Loading available Gradle versions] INFO  o.e.b.c.i.u.g.PublishedGradleVersions - Updating Gradle version information cache failed. Using outdated cache.
2021-03-13 15:51:10,986 [main] WARN  org.eclipse.jgit.util.FS_Win32 - null
2021-03-13 15:51:29,083 [Worker-1: Loading available Gradle versions] INFO  o.e.b.c.i.u.g.PublishedGradleVersions - Gradle version information cache is out-of-date. Trying to update.
2021-03-13 15:51:30,419 [Worker-1: Loading available Gradle versions] INFO  o.e.b.c.i.u.g.PublishedGradleVersions - Updating Gradle version information cache failed. Using outdated cache.
2021-03-13 18:58:43,520 [main] WARN  org.eclipse.jgit.util.FS_Win32 - null
2021-03-13 19:04:09,234 [Worker-2: Loading available Gradle versions] INFO  o.e.b.c.i.u.g.PublishedGradleVersions - Gradle version information cache is out-of-date. Trying to update.
2021-03-13 19:04:09,912 [Worker-2: Loading available Gradle versions] INFO  o.e.b.c.i.u.g.PublishedGradleVersions - Updating Gradle version information cache failed. Using outdated cache.
2021-03-14 13:06:21,548 [main] WARN  org.eclipse.jgit.util.FS_Win32 - null
2021-03-14 13:06:48,786 [Worker-8: Loading available Gradle versions] INFO  o.e.b.c.i.u.g.PublishedGradleVersions - Gradle version information cache is out-of-date. Trying to update.
2021-03-14 13:06:50,100 [Worker-8: Loading available Gradle versions] INFO  o.e.b.c.i.u.g.PublishedGradleVersions - Updating Gradle version information cache failed. Using outdated cache.
2021-03-17 15:56:30,739 [main] WARN  org.eclipse.jgit.util.FS_Win32 - null
2021-03-17 15:56:55,060 [Worker-1: Loading available Gradle versions] INFO  o.e.b.c.i.u.g.PublishedGradleVersions - Gradle version information cache is out-of-date. Trying to update.
2021-03-17 15:56:56,903 [Worker-1: Loading available Gradle versions] INFO  o.e.b.c.i.u.g.PublishedGradleVersions - Updating Gradle version information cache failed. Using outdated cache.
2021-03-17 16:22:36,959 [Start Help Server] INFO  org.eclipse.jetty.util.log - Logging initialized @1585892ms to org.eclipse.jetty.util.log.Slf4jLog
2021-03-17 16:22:37,364 [Start Help Server] INFO  org.eclipse.jetty.server.Server - jetty-9.4.27.v20200227; built: 2020-03-02T14:40:42.212Z; git: a304fd9f351f337e7c0e2a7c28878dd536149c6c; jvm 15.0.1+9-18
2021-03-17 16:22:37,413 [Start Help Server] INFO  org.eclipse.jetty.server.session - DefaultSessionIdManager workerName=node0
2021-03-17 16:22:37,414 [Start Help Server] INFO  org.eclipse.jetty.server.session - No SessionScavenger set, using defaults
2021-03-17 16:22:37,437 [Start Help Server] INFO  org.eclipse.jetty.server.session - node0 Scavenging every 660000ms
2021-03-17 16:22:37,491 [Start Help Server] INFO  o.e.j.server.handler.ContextHandler - Started o.e.j.s.ServletContextHandler@1e3023ae{/help,null,AVAILABLE}
2021-03-17 16:22:37,570 [Start Help Server] INFO  o.e.jetty.server.AbstractConnector - Started ServerConnector@18cb1acc{HTTP/1.1, (http/1.1)}{127.0.0.1:61675}
2021-03-17 16:22:37,571 [Start Help Server] INFO  org.eclipse.jetty.server.Server - Started @1586509ms
2021-03-17 16:22:37,571 [Start Help Server] INFO  org.eclipse.jetty.server.session - node0 Scavenging every 660000ms
2021-03-17 16:40:56,388 [Stop Help Server] INFO  o.e.jetty.server.AbstractConnector - Stopped ServerConnector@18cb1acc{HTTP/1.1, (http/1.1)}{127.0.0.1:0}
2021-03-17 16:40:56,388 [Stop Help Server] INFO  org.eclipse.jetty.server.session - node0 Stopped scavenging
2021-03-17 16:40:56,451 [Stop Help Server] INFO  o.e.j.server.handler.ContextHandler - Stopped o.e.j.s.ServletContextHandler@1e3023ae{/help,null,UNAVAILABLE}
2021-03-17 19:08:10,051 [main] WARN  org.eclipse.jgit.util.FS_Win32 - null
2021-03-17 19:08:22,621 [Start Help Server] INFO  org.eclipse.jetty.util.log - Logging initialized @21139ms to org.eclipse.jetty.util.log.Slf4jLog
2021-03-17 19:08:22,925 [Start Help Server] INFO  org.eclipse.jetty.server.Server - jetty-9.4.27.v20200227; built: 2020-03-02T14:40:42.212Z; git: a304fd9f351f337e7c0e2a7c28878dd536149c6c; jvm 15.0.1+9-18
2021-03-17 19:08:22,961 [Start Help Server] INFO  org.eclipse.jetty.server.session - DefaultSessionIdManager workerName=node0
2021-03-17 19:08:22,961 [Start Help Server] INFO  org.eclipse.jetty.server.session - No SessionScavenger set, using defaults
2021-03-17 19:08:22,963 [Start Help Server] INFO  org.eclipse.jetty.server.session - node0 Scavenging every 660000ms
2021-03-17 19:08:23,031 [Start Help Server] INFO  o.e.j.server.handler.ContextHandler - Started o.e.j.s.ServletContextHandler@22e65200{/help,null,AVAILABLE}
2021-03-17 19:08:23,157 [Start Help Server] INFO  o.e.jetty.server.AbstractConnector - Started ServerConnector@7fa84ae5{HTTP/1.1, (http/1.1)}{127.0.0.1:61740}
2021-03-17 19:08:23,158 [Start Help Server] INFO  org.eclipse.jetty.server.Server - Started @21678ms
2021-03-17 19:08:23,159 [Start Help Server] INFO  org.eclipse.jetty.server.session - node0 Scavenging every 660000ms
2021-03-17 20:26:22,667 [Worker-17: Loading available Gradle versions] INFO  o.e.b.c.i.u.g.PublishedGradleVersions - Gradle version information cache is out-of-date. Trying to update.
2021-03-17 20:26:23,229 [Worker-17: Loading available Gradle versions] INFO  o.e.b.c.i.u.g.PublishedGradleVersions - Updating Gradle version information cache failed. Using outdated cache.
2021-03-17 21:57:40,184 [Stop Help Server] INFO  o.e.jetty.server.AbstractConnector - Stopped ServerConnector@7fa84ae5{HTTP/1.1, (http/1.1)}{127.0.0.1:0}
2021-03-17 21:57:40,188 [Stop Help Server] INFO  org.eclipse.jetty.server.session - node0 Stopped scavenging
2021-03-17 21:57:40,298 [Stop Help Server] INFO  o.e.j.server.handler.ContextHandler - Stopped o.e.j.s.ServletContextHandler@22e65200{/help,null,UNAVAILABLE}
2021-03-18 07:34:02,845 [main] WARN  org.eclipse.jgit.util.FS_Win32 - null
2021-03-18 07:44:48,797 [Start Help Server] INFO  org.eclipse.jetty.util.log - Logging initialized @661737ms to org.eclipse.jetty.util.log.Slf4jLog
2021-03-18 07:44:49,395 [Start Help Server] INFO  org.eclipse.jetty.server.Server - jetty-9.4.27.v20200227; built: 2020-03-02T14:40:42.212Z; git: a304fd9f351f337e7c0e2a7c28878dd536149c6c; jvm 15.0.1+9-18
2021-03-18 07:44:49,462 [Start Help Server] INFO  org.eclipse.jetty.server.session - DefaultSessionIdManager workerName=node0
2021-03-18 07:44:49,463 [Start Help Server] INFO  org.eclipse.jetty.server.session - No SessionScavenger set, using defaults
2021-03-18 07:44:49,466 [Start Help Server] INFO  org.eclipse.jetty.server.session - node0 Scavenging every 600000ms
2021-03-18 07:44:49,534 [Start Help Server] INFO  o.e.j.server.handler.ContextHandler - Started o.e.j.s.ServletContextHandler@381f9c21{/help,null,AVAILABLE}
2021-03-18 07:44:49,614 [Start Help Server] INFO  o.e.jetty.server.AbstractConnector - Started ServerConnector@e253c06{HTTP/1.1, (http/1.1)}{127.0.0.1:62307}
2021-03-18 07:44:49,615 [Start Help Server] INFO  org.eclipse.jetty.server.Server - Started @662560ms
2021-03-18 07:44:49,616 [Start Help Server] INFO  org.eclipse.jetty.server.session - node0 Scavenging every 660000ms
2021-03-18 07:44:51,508 [qtp1746087823-212] WARN  o.eclipse.jetty.server.HttpChannel - handleException /help/index.jsp java.io.IOException: tmpFile.renameTo(classFile) failed
2021-03-18 07:59:43,284 [Stop Help Server] INFO  o.e.jetty.server.AbstractConnector - Stopped ServerConnector@e253c06{HTTP/1.1, (http/1.1)}{127.0.0.1:0}
2021-03-18 07:59:43,284 [Stop Help Server] INFO  org.eclipse.jetty.server.session - node0 Stopped scavenging
2021-03-18 07:59:43,362 [Stop Help Server] INFO  o.e.j.server.handler.ContextHandler - Stopped o.e.j.s.ServletContextHandler@381f9c21{/help,null,UNAVAILABLE}
2021-03-18 07:59:54,937 [main] WARN  org.eclipse.jgit.util.FS_Win32 - null
2021-03-18 08:01:08,889 [Start Help Server] INFO  org.eclipse.jetty.util.log - Logging initialized @84172ms to org.eclipse.jetty.util.log.Slf4jLog
2021-03-18 08:01:09,052 [Start Help Server] INFO  org.eclipse.jetty.server.Server - jetty-9.4.27.v20200227; built: 2020-03-02T14:40:42.212Z; git: a304fd9f351f337e7c0e2a7c28878dd536149c6c; jvm 15.0.1+9-18
2021-03-18 08:01:09,071 [Start Help Server] INFO  org.eclipse.jetty.server.session - DefaultSessionIdManager workerName=node0
2021-03-18 08:01:09,072 [Start Help Server] INFO  org.eclipse.jetty.server.session - No SessionScavenger set, using defaults
2021-03-18 08:01:09,073 [Start Help Server] INFO  org.eclipse.jetty.server.session - node0 Scavenging every 660000ms
2021-03-18 08:01:09,107 [Start Help Server] INFO  o.e.j.server.handler.ContextHandler - Started o.e.j.s.ServletContextHandler@17fd3c3a{/help,null,AVAILABLE}
2021-03-18 08:01:09,147 [Start Help Server] INFO  o.e.jetty.server.AbstractConnector - Started ServerConnector@25f10762{HTTP/1.1, (http/1.1)}{127.0.0.1:62372}
2021-03-18 08:01:09,148 [Start Help Server] INFO  org.eclipse.jetty.server.Server - Started @84435ms
2021-03-18 08:01:09,148 [Start Help Server] INFO  org.eclipse.jetty.server.session - node0 Scavenging every 726000ms
2021-03-18 08:08:12,025 [Stop Help Server] INFO  o.e.jetty.server.AbstractConnector - Stopped ServerConnector@25f10762{HTTP/1.1, (http/1.1)}{127.0.0.1:0}
2021-03-18 08:08:12,027 [Stop Help Server] INFO  org.eclipse.jetty.server.session - node0 Stopped scavenging
2021-03-18 08:08:12,098 [Stop Help Server] INFO  o.e.j.server.handler.ContextHandler - Stopped o.e.j.s.ServletContextHandler@17fd3c3a{/help,null,UNAVAILABLE}
2021-03-18 08:18:16,266 [main] WARN  org.eclipse.jgit.util.FS_Win32 - null
2021-03-18 08:48:55,226 [Worker-15: Loading available Gradle versions] INFO  o.e.b.c.i.u.g.PublishedGradleVersions - Gradle version information cache is out-of-date. Trying to update.
2021-03-18 08:48:55,898 [Worker-15: Loading available Gradle versions] INFO  o.e.b.c.i.u.g.PublishedGradleVersions - Updating Gradle version information cache failed. Using outdated cache.
2021-03-18 09:16:13,891 [Start Help Server] INFO  org.eclipse.jetty.util.log - Logging initialized @3501614ms to org.eclipse.jetty.util.log.Slf4jLog
2021-03-18 09:16:14,499 [Start Help Server] INFO  org.eclipse.jetty.server.Server - jetty-9.4.27.v20200227; built: 2020-03-02T14:40:42.212Z; git: a304fd9f351f337e7c0e2a7c28878dd536149c6c; jvm 15.0.1+9-18
2021-03-18 09:16:14,566 [Start Help Server] INFO  org.eclipse.jetty.server.session - DefaultSessionIdManager workerName=node0
2021-03-18 09:16:14,566 [Start Help Server] INFO  org.eclipse.jetty.server.session - No SessionScavenger set, using defaults
2021-03-18 09:16:14,569 [Start Help Server] INFO  org.eclipse.jetty.server.session - node0 Scavenging every 600000ms
2021-03-18 09:16:14,624 [Start Help Server] INFO  o.e.j.server.handler.ContextHandler - Started o.e.j.s.ServletContextHandler@55bca4cd{/help,null,AVAILABLE}
2021-03-18 09:16:14,681 [Start Help Server] INFO  o.e.jetty.server.AbstractConnector - Started ServerConnector@35c62455{HTTP/1.1, (http/1.1)}{127.0.0.1:51396}
2021-03-18 09:16:14,681 [Start Help Server] INFO  org.eclipse.jetty.server.Server - Started @3502422ms
2021-03-18 09:16:14,682 [Start Help Server] INFO  org.eclipse.jetty.server.session - node0 Scavenging every 660000ms
2021-03-18 09:42:36,305 [Stop Help Server] INFO  o.e.jetty.server.AbstractConnector - Stopped ServerConnector@35c62455{HTTP/1.1, (http/1.1)}{127.0.0.1:0}
2021-03-18 09:42:36,306 [Stop Help Server] INFO  org.eclipse.jetty.server.session - node0 Stopped scavenging
2021-03-18 09:42:36,398 [Stop Help Server] INFO  o.e.j.server.handler.ContextHandler - Stopped o.e.j.s.ServletContextHandler@55bca4cd{/help,null,UNAVAILABLE}
2021-03-19 09:12:11,574 [main] WARN  org.eclipse.jgit.util.FS_Win32 - null
2021-03-19 09:13:59,873 [Worker-3: Loading available Gradle versions] INFO  o.e.b.c.i.u.g.PublishedGradleVersions - Gradle version information cache is out-of-date. Trying to update.
2021-03-19 09:14:00,659 [Worker-3: Loading available Gradle versions] INFO  o.e.b.c.i.u.g.PublishedGradleVersions - Updating Gradle version information cache failed. Using outdated cache.
2021-03-19 09:14:57,614 [Start Help Server] INFO  org.eclipse.jetty.util.log - Logging initialized @184775ms to org.eclipse.jetty.util.log.Slf4jLog
2021-03-19 09:14:58,030 [Start Help Server] INFO  org.eclipse.jetty.server.Server - jetty-9.4.27.v20200227; built: 2020-03-02T14:40:42.212Z; git: a304fd9f351f337e7c0e2a7c28878dd536149c6c; jvm 15.0.1+9-18
2021-03-19 09:14:58,062 [Start Help Server] INFO  org.eclipse.jetty.server.session - DefaultSessionIdManager workerName=node0
2021-03-19 09:14:58,062 [Start Help Server] INFO  org.eclipse.jetty.server.session - No SessionScavenger set, using defaults
2021-03-19 09:14:58,063 [Start Help Server] INFO  org.eclipse.jetty.server.session - node0 Scavenging every 660000ms
2021-03-19 09:14:58,116 [Start Help Server] INFO  o.e.j.server.handler.ContextHandler - Started o.e.j.s.ServletContextHandler@6207e259{/help,null,AVAILABLE}
2021-03-19 09:14:58,158 [Start Help Server] INFO  o.e.jetty.server.AbstractConnector - Started ServerConnector@457d294b{HTTP/1.1, (http/1.1)}{127.0.0.1:52294}
2021-03-19 09:14:58,158 [Start Help Server] INFO  org.eclipse.jetty.server.Server - Started @185320ms
2021-03-19 09:14:58,158 [Start Help Server] INFO  org.eclipse.jetty.server.session - node0 Scavenging every 726000ms
2021-03-19 11:04:23,267 [Stop Help Server] INFO  o.e.jetty.server.AbstractConnector - Stopped ServerConnector@457d294b{HTTP/1.1, (http/1.1)}{127.0.0.1:0}
2021-03-19 11:04:23,268 [Stop Help Server] INFO  org.eclipse.jetty.server.session - node0 Stopped scavenging
2021-03-19 11:04:23,517 [Stop Help Server] INFO  o.e.j.server.handler.ContextHandler - Stopped o.e.j.s.ServletContextHandler@6207e259{/help,null,UNAVAILABLE}
2021-03-19 15:54:46,362 [main] WARN  org.eclipse.jgit.util.FS_Win32 - null
2021-03-19 15:55:32,657 [Worker-9: Loading available Gradle versions] INFO  o.e.b.c.i.u.g.PublishedGradleVersions - Gradle version information cache is out-of-date. Trying to update.
2021-03-19 15:55:33,240 [Worker-9: Loading available Gradle versions] INFO  o.e.b.c.i.u.g.PublishedGradleVersions - Updating Gradle version information cache failed. Using outdated cache.
2021-03-19 16:04:28,547 [main] WARN  org.eclipse.jgit.util.FS_Win32 - null
2021-03-19 16:27:59,936 [Worker-8: Loading available Gradle versions] INFO  o.e.b.c.i.u.g.PublishedGradleVersions - Gradle version information cache is out-of-date. Trying to update.
2021-03-19 16:28:00,702 [Worker-8: Loading available Gradle versions] INFO  o.e.b.c.i.u.g.PublishedGradleVersions - Updating Gradle version information cache failed. Using outdated cache.
2021-03-19 22:05:40,795 [main] WARN  org.eclipse.jgit.util.FS_Win32 - null
2021-03-19 22:06:53,211 [Worker-2: Loading available Gradle versions] INFO  o.e.b.c.i.u.g.PublishedGradleVersions - Gradle version information cache is out-of-date. Trying to update.
2021-03-19 22:06:53,982 [Worker-2: Loading available Gradle versions] INFO  o.e.b.c.i.u.g.PublishedGradleVersions - Updating Gradle version information cache failed. Using outdated cache.
2021-03-19 22:17:55,414 [Start Help Server] INFO  org.eclipse.jetty.util.log - Logging initialized @750587ms to org.eclipse.jetty.util.log.Slf4jLog
2021-03-19 22:17:55,747 [Start Help Server] INFO  org.eclipse.jetty.server.Server - jetty-9.4.27.v20200227; built: 2020-03-02T14:40:42.212Z; git: a304fd9f351f337e7c0e2a7c28878dd536149c6c; jvm 15.0.1+9-18
2021-03-19 22:17:55,778 [Start Help Server] INFO  org.eclipse.jetty.server.session - DefaultSessionIdManager workerName=node0
2021-03-19 22:17:55,779 [Start Help Server] INFO  org.eclipse.jetty.server.session - No SessionScavenger set, using defaults
2021-03-19 22:17:55,780 [Start Help Server] INFO  org.eclipse.jetty.server.session - node0 Scavenging every 600000ms
2021-03-19 22:17:55,823 [Start Help Server] INFO  o.e.j.server.handler.ContextHandler - Started o.e.j.s.ServletContextHandler@6c509800{/help,null,AVAILABLE}
2021-03-19 22:17:55,864 [Start Help Server] INFO  o.e.jetty.server.AbstractConnector - Started ServerConnector@5d57f35{HTTP/1.1, (http/1.1)}{127.0.0.1:52339}
2021-03-19 22:17:55,864 [Start Help Server] INFO  org.eclipse.jetty.server.Server - Started @751039ms
2021-03-19 22:17:55,864 [Start Help Server] INFO  org.eclipse.jetty.server.session - node0 Scavenging every 660000ms
2021-03-19 22:17:57,199 [qtp1032165391-283] WARN  o.eclipse.jetty.server.HttpChannel - handleException /help/index.jsp java.io.IOException: tmpFile.renameTo(classFile) failed
2021-03-19 22:44:48,821 [Stop Help Server] INFO  o.e.jetty.server.AbstractConnector - Stopped ServerConnector@5d57f35{HTTP/1.1, (http/1.1)}{127.0.0.1:0}
2021-03-19 22:44:48,823 [Stop Help Server] INFO  org.eclipse.jetty.server.session - node0 Stopped scavenging
2021-03-19 22:44:48,873 [Stop Help Server] INFO  o.e.j.server.handler.ContextHandler - Stopped o.e.j.s.ServletContextHandler@6c509800{/help,null,UNAVAILABLE}
2021-03-20 06:45:49,888 [main] WARN  org.eclipse.jgit.util.FS_Win32 - null
2021-03-20 06:48:00,372 [Worker-1: Loading available Gradle versions] INFO  o.e.b.c.i.u.g.PublishedGradleVersions - Gradle version information cache is out-of-date. Trying to update.
2021-03-20 06:48:01,041 [Worker-1: Loading available Gradle versions] INFO  o.e.b.c.i.u.g.PublishedGradleVersions - Updating Gradle version information cache failed. Using outdated cache.
2021-03-20 13:30:43,834 [main] WARN  org.eclipse.jgit.util.FS_Win32 - null
2021-03-20 13:31:33,336 [Worker-7: Loading available Gradle versions] INFO  o.e.b.c.i.u.g.PublishedGradleVersions - Gradle version information cache is out-of-date. Trying to update.
2021-03-20 13:31:34,004 [Worker-7: Loading available Gradle versions] INFO  o.e.b.c.i.u.g.PublishedGradleVersions - Updating Gradle version information cache failed. Using outdated cache.
2021-03-20 13:59:40,459 [Start Help Server] INFO  org.eclipse.jetty.util.log - Logging initialized @1747996ms to org.eclipse.jetty.util.log.Slf4jLog
2021-03-20 13:59:40,836 [Start Help Server] INFO  org.eclipse.jetty.server.Server - jetty-9.4.27.v20200227; built: 2020-03-02T14:40:42.212Z; git: a304fd9f351f337e7c0e2a7c28878dd536149c6c; jvm 15.0.1+9-18
2021-03-20 13:59:40,867 [Start Help Server] INFO  org.eclipse.jetty.server.session - DefaultSessionIdManager workerName=node0
2021-03-20 13:59:40,868 [Start Help Server] INFO  org.eclipse.jetty.server.session - No SessionScavenger set, using defaults
2021-03-20 13:59:40,869 [Start Help Server] INFO  org.eclipse.jetty.server.session - node0 Scavenging every 660000ms
2021-03-20 13:59:40,940 [Start Help Server] INFO  o.e.j.server.handler.ContextHandler - Started o.e.j.s.ServletContextHandler@5163b75d{/help,null,AVAILABLE}
2021-03-20 13:59:40,982 [Start Help Server] INFO  o.e.jetty.server.AbstractConnector - Started ServerConnector@5b6cf443{HTTP/1.1, (http/1.1)}{127.0.0.1:53669}
2021-03-20 13:59:40,982 [Start Help Server] INFO  org.eclipse.jetty.server.Server - Started @1748540ms
2021-03-20 13:59:40,982 [Start Help Server] INFO  org.eclipse.jetty.server.session - node0 Scavenging every 726000ms
2021-03-20 15:00:11,757 [Stop Help Server] INFO  o.e.jetty.server.AbstractConnector - Stopped ServerConnector@5b6cf443{HTTP/1.1, (http/1.1)}{127.0.0.1:0}
2021-03-20 15:00:11,759 [Stop Help Server] INFO  org.eclipse.jetty.server.session - node0 Stopped scavenging
2021-03-20 15:00:11,965 [Stop Help Server] INFO  o.e.j.server.handler.ContextHandler - Stopped o.e.j.s.ServletContextHandler@5163b75d{/help,null,UNAVAILABLE}
2021-03-22 07:36:38,694 [main] WARN  org.eclipse.jgit.util.FS_Win32 - null
2021-03-22 07:37:03,950 [Worker-4: Loading available Gradle versions] INFO  o.e.b.c.i.u.g.PublishedGradleVersions - Gradle version information cache is out-of-date. Trying to update.
2021-03-22 07:37:04,663 [Worker-4: Loading available Gradle versions] INFO  o.e.b.c.i.u.g.PublishedGradleVersions - Updating Gradle version information cache failed. Using outdated cache.
2021-03-22 11:47:42,781 [main] WARN  org.eclipse.jgit.util.FS_Win32 - null
2021-03-22 11:49:41,864 [Worker-1: Loading available Gradle versions] INFO  o.e.b.c.i.u.g.PublishedGradleVersions - Gradle version information cache is out-of-date. Trying to update.
2021-03-22 11:49:42,817 [Worker-1: Loading available Gradle versions] INFO  o.e.b.c.i.u.g.PublishedGradleVersions - Updating Gradle version information cache failed. Using outdated cache.
2021-03-22 13:10:28,931 [main] WARN  org.eclipse.jgit.util.FS_Win32 - null
2021-03-22 13:11:04,032 [Worker-1: Loading available Gradle versions] INFO  o.e.b.c.i.u.g.PublishedGradleVersions - Gradle version information cache is out-of-date. Trying to update.
2021-03-22 13:11:07,651 [Worker-1: Loading available Gradle versions] INFO  o.e.b.c.i.u.g.PublishedGradleVersions - Updating Gradle version information cache failed. Using outdated cache.
2021-03-22 19:41:15,077 [main] WARN  org.eclipse.jgit.util.FS_Win32 - null
2021-03-22 19:42:04,068 [Worker-3: Loading available Gradle versions] INFO  o.e.b.c.i.u.g.PublishedGradleVersions - Gradle version information cache is out-of-date. Trying to update.
2021-03-22 19:42:04,887 [Worker-3: Loading available Gradle versions] INFO  o.e.b.c.i.u.g.PublishedGradleVersions - Updating Gradle version information cache failed. Using outdated cache.
2021-03-23 06:31:06,987 [main] WARN  org.eclipse.jgit.util.FS_Win32 - null
2021-03-23 06:31:56,069 [Worker-3: Loading available Gradle versions] INFO  o.e.b.c.i.u.g.PublishedGradleVersions - Gradle version information cache is out-of-date. Trying to update.
2021-03-23 06:31:56,769 [Worker-3: Loading available Gradle versions] INFO  o.e.b.c.i.u.g.PublishedGradleVersions - Updating Gradle version information cache failed. Using outdated cache.
2021-03-24 07:34:29,934 [main] WARN  org.eclipse.jgit.util.FS_Win32 - null
2021-03-24 07:34:59,539 [Worker-3: Loading available Gradle versions] INFO  o.e.b.c.i.u.g.PublishedGradleVersions - Gradle version information cache is out-of-date. Trying to update.
2021-03-24 07:35:00,190 [Worker-3: Loading available Gradle versions] INFO  o.e.b.c.i.u.g.PublishedGradleVersions - Updating Gradle version information cache failed. Using outdated cache.
2021-03-24 19:56:21,544 [main] WARN  org.eclipse.jgit.util.FS_Win32 - null
2021-03-24 19:56:46,256 [Worker-1: Loading available Gradle versions] INFO  o.e.b.c.i.u.g.PublishedGradleVersions - Gradle version information cache is out-of-date. Trying to update.
2021-03-24 19:56:46,819 [Worker-1: Loading available Gradle versions] INFO  o.e.b.c.i.u.g.PublishedGradleVersions - Updating Gradle version information cache failed. Using outdated cache.
2021-03-25 10:10:54,674 [main] WARN  org.eclipse.jgit.util.FS_Win32 - null
2021-03-25 10:11:17,975 [Worker-5: Loading available Gradle versions] INFO  o.e.b.c.i.u.g.PublishedGradleVersions - Gradle version information cache is out-of-date. Trying to update.
2021-03-25 10:11:18,470 [Worker-5: Loading available Gradle versions] INFO  o.e.b.c.i.u.g.PublishedGradleVersions - Updating Gradle version information cache failed. Using outdated cache.
2021-03-25 10:29:34,885 [Start Help Server] INFO  org.eclipse.jetty.util.log - Logging initialized @1132069ms to org.eclipse.jetty.util.log.Slf4jLog
2021-03-25 10:29:35,462 [Start Help Server] INFO  org.eclipse.jetty.server.Server - jetty-9.4.27.v20200227; built: 2020-03-02T14:40:42.212Z; git: a304fd9f351f337e7c0e2a7c28878dd536149c6c; jvm 15.0.1+9-18
2021-03-25 10:29:35,529 [Start Help Server] INFO  org.eclipse.jetty.server.session - DefaultSessionIdManager workerName=node0
2021-03-25 10:29:35,529 [Start Help Server] INFO  org.eclipse.jetty.server.session - No SessionScavenger set, using defaults
2021-03-25 10:29:35,533 [Start Help Server] INFO  org.eclipse.jetty.server.session - node0 Scavenging every 600000ms
2021-03-25 10:29:35,615 [Start Help Server] INFO  o.e.j.server.handler.ContextHandler - Started o.e.j.s.ServletContextHandler@b63a55a{/help,null,AVAILABLE}
2021-03-25 10:29:35,711 [Start Help Server] INFO  o.e.jetty.server.AbstractConnector - Started ServerConnector@6919062c{HTTP/1.1, (http/1.1)}{127.0.0.1:52719}
2021-03-25 10:29:35,712 [Start Help Server] INFO  org.eclipse.jetty.server.Server - Started @1132898ms
2021-03-25 10:29:35,713 [Start Help Server] INFO  org.eclipse.jetty.server.session - node0 Scavenging every 660000ms
2021-03-25 10:29:37,842 [qtp1259824811-323] WARN  o.eclipse.jetty.server.HttpChannel - handleException /help/index.jsp java.io.IOException: classFile.delete() failed
2021-03-25 12:02:23,462 [Stop Help Server] INFO  o.e.jetty.server.AbstractConnector - Stopped ServerConnector@6919062c{HTTP/1.1, (http/1.1)}{127.0.0.1:0}
2021-03-25 12:02:23,465 [Stop Help Server] INFO  org.eclipse.jetty.server.session - node0 Stopped scavenging
2021-03-25 12:02:23,609 [Stop Help Server] INFO  o.e.j.server.handler.ContextHandler - Stopped o.e.j.s.ServletContextHandler@b63a55a{/help,null,UNAVAILABLE}
2021-03-26 09:12:23,741 [main] WARN  org.eclipse.jgit.util.FS_Win32 - null
2021-03-26 09:25:36,777 [Worker-12: Loading available Gradle versions] INFO  o.e.b.c.i.u.g.PublishedGradleVersions - Gradle version information cache is out-of-date. Trying to update.
2021-03-26 09:25:37,404 [Worker-12: Loading available Gradle versions] INFO  o.e.b.c.i.u.g.PublishedGradleVersions - Updating Gradle version information cache failed. Using outdated cache.
2021-03-26 12:44:26,854 [main] WARN  org.eclipse.jgit.util.FS_Win32 - null
2021-03-26 12:58:20,976 [Worker-10: Loading available Gradle versions] INFO  o.e.b.c.i.u.g.PublishedGradleVersions - Gradle version information cache is out-of-date. Trying to update.
2021-03-26 12:58:21,711 [Worker-10: Loading available Gradle versions] INFO  o.e.b.c.i.u.g.PublishedGradleVersions - Updating Gradle version information cache failed. Using outdated cache.
2021-03-27 19:14:41,296 [main] WARN  org.eclipse.jgit.util.FS_Win32 - null
2021-03-27 19:34:40,109 [Worker-4: Loading available Gradle versions] INFO  o.e.b.c.i.u.g.PublishedGradleVersions - Gradle version information cache is out-of-date. Trying to update.
2021-03-27 19:34:40,807 [Worker-4: Loading available Gradle versions] INFO  o.e.b.c.i.u.g.PublishedGradleVersions - Updating Gradle version information cache failed. Using outdated cache.
2021-03-28 09:47:00,905 [main] WARN  org.eclipse.jgit.util.FS_Win32 - null
2021-03-28 09:57:49,289 [Worker-11: Loading available Gradle versions] INFO  o.e.b.c.i.u.g.PublishedGradleVersions - Gradle version information cache is out-of-date. Trying to update.
2021-03-28 09:57:49,995 [Worker-11: Loading available Gradle versions] INFO  o.e.b.c.i.u.g.PublishedGradleVersions - Updating Gradle version information cache failed. Using outdated cache.
2021-03-30 12:52:06,704 [main] WARN  org.eclipse.jgit.util.FS_Win32 - null
2021-03-30 12:54:11,533 [Worker-7: Loading available Gradle versions] INFO  o.e.b.c.i.u.g.PublishedGradleVersions - Gradle version information cache is out-of-date. Trying to update.
2021-03-30 12:54:12,371 [Worker-7: Loading available Gradle versions] INFO  o.e.b.c.i.u.g.PublishedGradleVersions - Updating Gradle version information cache failed. Using outdated cache.
2021-03-30 23:31:07,699 [main] WARN  org.eclipse.jgit.util.FS_Win32 - null
2021-03-30 23:31:37,836 [Worker-3: Loading available Gradle versions] INFO  o.e.b.c.i.u.g.PublishedGradleVersions - Gradle version information cache is out-of-date. Trying to update.
2021-03-30 23:31:38,675 [Worker-3: Loading available Gradle versions] INFO  o.e.b.c.i.u.g.PublishedGradleVersions - Updating Gradle version information cache failed. Using outdated cache.
2021-03-31 07:21:54,174 [main] WARN  org.eclipse.jgit.util.FS_Win32 - null
2021-03-31 07:37:27,707 [Worker-4: Loading available Gradle versions] INFO  o.e.b.c.i.u.g.PublishedGradleVersions - Gradle version information cache is out-of-date. Trying to update.
2021-03-31 07:37:28,492 [Worker-4: Loading available Gradle versions] INFO  o.e.b.c.i.u.g.PublishedGradleVersions - Updating Gradle version information cache failed. Using outdated cache.
2021-03-31 09:11:23,612 [Start Help Server] INFO  org.eclipse.jetty.util.log - Logging initialized @6579837ms to org.eclipse.jetty.util.log.Slf4jLog
2021-03-31 09:11:24,516 [Start Help Server] INFO  org.eclipse.jetty.server.Server - jetty-9.4.27.v20200227; built: 2020-03-02T14:40:42.212Z; git: a304fd9f351f337e7c0e2a7c28878dd536149c6c; jvm 15.0.1+9-18
2021-03-31 09:11:24,583 [Start Help Server] INFO  org.eclipse.jetty.server.session - DefaultSessionIdManager workerName=node0
2021-03-31 09:11:24,583 [Start Help Server] INFO  org.eclipse.jetty.server.session - No SessionScavenger set, using defaults
2021-03-31 09:11:24,585 [Start Help Server] INFO  org.eclipse.jetty.server.session - node0 Scavenging every 660000ms
2021-03-31 09:11:24,693 [Start Help Server] INFO  o.e.j.server.handler.ContextHandler - Started o.e.j.s.ServletContextHandler@896076e{/help,null,AVAILABLE}
2021-03-31 09:11:24,763 [Start Help Server] INFO  o.e.jetty.server.AbstractConnector - Started ServerConnector@69017a38{HTTP/1.1, (http/1.1)}{127.0.0.1:52649}
2021-03-31 09:11:24,763 [Start Help Server] INFO  org.eclipse.jetty.server.Server - Started @6581029ms
2021-03-31 09:11:24,763 [Start Help Server] INFO  org.eclipse.jetty.server.session - node0 Scavenging every 660000ms
2021-03-31 11:09:54,561 [Stop Help Server] INFO  o.e.jetty.server.AbstractConnector - Stopped ServerConnector@69017a38{HTTP/1.1, (http/1.1)}{127.0.0.1:0}
2021-03-31 11:09:54,839 [Stop Help Server] INFO  org.eclipse.jetty.server.session - node0 Stopped scavenging
2021-03-31 11:09:58,752 [Stop Help Server] INFO  o.e.j.server.handler.ContextHandler - Stopped o.e.j.s.ServletContextHandler@896076e{/help,null,UNAVAILABLE}
2021-03-31 19:08:07,630 [main] WARN  org.eclipse.jgit.util.FS_Win32 - null
2021-03-31 19:09:10,754 [Worker-9: Loading available Gradle versions] INFO  o.e.b.c.i.u.g.PublishedGradleVersions - Gradle version information cache is out-of-date. Trying to update.
2021-03-31 19:09:11,287 [Worker-9: Loading available Gradle versions] INFO  o.e.b.c.i.u.g.PublishedGradleVersions - Updating Gradle version information cache failed. Using outdated cache.
2021-03-31 20:36:41,895 [Start Help Server] INFO  org.eclipse.jetty.util.log - Logging initialized @5334986ms to org.eclipse.jetty.util.log.Slf4jLog
2021-03-31 20:36:42,710 [Start Help Server] INFO  org.eclipse.jetty.server.Server - jetty-9.4.27.v20200227; built: 2020-03-02T14:40:42.212Z; git: a304fd9f351f337e7c0e2a7c28878dd536149c6c; jvm 15.0.1+9-18
2021-03-31 20:36:42,757 [Start Help Server] INFO  org.eclipse.jetty.server.session - DefaultSessionIdManager workerName=node0
2021-03-31 20:36:42,757 [Start Help Server] INFO  org.eclipse.jetty.server.session - No SessionScavenger set, using defaults
2021-03-31 20:36:42,758 [Start Help Server] INFO  org.eclipse.jetty.server.session - node0 Scavenging every 660000ms
2021-03-31 20:36:42,797 [Start Help Server] INFO  o.e.j.server.handler.ContextHandler - Started o.e.j.s.ServletContextHandler@5cb46fbb{/help,null,AVAILABLE}
2021-03-31 20:36:43,024 [Start Help Server] INFO  o.e.jetty.server.AbstractConnector - Started ServerConnector@260b0304{HTTP/1.1, (http/1.1)}{127.0.0.1:53570}
2021-03-31 20:36:43,025 [Start Help Server] INFO  org.eclipse.jetty.server.Server - Started @5336181ms
2021-03-31 20:36:43,025 [Start Help Server] INFO  org.eclipse.jetty.server.session - node0 Scavenging every 660000ms
2021-03-31 21:43:55,896 [Stop Help Server] INFO  o.e.jetty.server.AbstractConnector - Stopped ServerConnector@260b0304{HTTP/1.1, (http/1.1)}{127.0.0.1:0}
2021-03-31 21:43:56,168 [Stop Help Server] INFO  org.eclipse.jetty.server.session - node0 Stopped scavenging
2021-03-31 21:43:57,795 [Stop Help Server] INFO  o.e.j.server.handler.ContextHandler - Stopped o.e.j.s.ServletContextHandler@5cb46fbb{/help,null,UNAVAILABLE}
2021-04-01 06:33:39,908 [main] WARN  org.eclipse.jgit.util.FS_Win32 - null
2021-04-01 06:34:22,908 [Worker-8: Loading available Gradle versions] INFO  o.e.b.c.i.u.g.PublishedGradleVersions - Gradle version information cache is out-of-date. Trying to update.
2021-04-01 06:34:23,685 [Worker-8: Loading available Gradle versions] INFO  o.e.b.c.i.u.g.PublishedGradleVersions - Updating Gradle version information cache failed. Using outdated cache.
2021-04-01 08:12:24,978 [main] WARN  org.eclipse.jgit.util.FS_Win32 - null
2021-04-01 08:16:58,316 [Worker-7: Loading available Gradle versions] INFO  o.e.b.c.i.u.g.PublishedGradleVersions - Gradle version information cache is out-of-date. Trying to update.
2021-04-01 08:16:59,068 [Worker-7: Loading available Gradle versions] INFO  o.e.b.c.i.u.g.PublishedGradleVersions - Updating Gradle version information cache failed. Using outdated cache.
2021-04-01 12:35:14,666 [Start Help Server] INFO  org.eclipse.jetty.util.log - Logging initialized @15784435ms to org.eclipse.jetty.util.log.Slf4jLog
2021-04-01 12:35:15,251 [Start Help Server] INFO  org.eclipse.jetty.server.Server - jetty-9.4.27.v20200227; built: 2020-03-02T14:40:42.212Z; git: a304fd9f351f337e7c0e2a7c28878dd536149c6c; jvm 15.0.1+9-18
2021-04-01 12:35:15,319 [Start Help Server] INFO  org.eclipse.jetty.server.session - DefaultSessionIdManager workerName=node0
2021-04-01 12:35:15,320 [Start Help Server] INFO  org.eclipse.jetty.server.session - No SessionScavenger set, using defaults
2021-04-01 12:35:15,323 [Start Help Server] INFO  org.eclipse.jetty.server.session - node0 Scavenging every 660000ms
2021-04-01 12:35:15,397 [Start Help Server] INFO  o.e.j.server.handler.ContextHandler - Started o.e.j.s.ServletContextHandler@46faa15a{/help,null,AVAILABLE}
2021-04-01 12:35:15,496 [Start Help Server] INFO  o.e.jetty.server.AbstractConnector - Started ServerConnector@14a4bbf4{HTTP/1.1, (http/1.1)}{127.0.0.1:55083}
2021-04-01 12:35:15,497 [Start Help Server] INFO  org.eclipse.jetty.server.Server - Started @15785285ms
2021-04-01 12:35:15,498 [Start Help Server] INFO  org.eclipse.jetty.server.session - node0 Scavenging every 726000ms
2021-04-01 12:35:17,684 [qtp63482574-4094] WARN  o.eclipse.jetty.server.HttpChannel - handleException /help/index.jsp java.io.IOException: classFile.delete() failed
2021-04-01 13:40:16,509 [Stop Help Server] INFO  o.e.jetty.server.AbstractConnector - Stopped ServerConnector@14a4bbf4{HTTP/1.1, (http/1.1)}{127.0.0.1:0}
2021-04-01 13:40:16,531 [Stop Help Server] INFO  org.eclipse.jetty.server.session - node0 Stopped scavenging
2021-04-01 13:40:16,947 [Stop Help Server] INFO  o.e.j.server.handler.ContextHandler - Stopped o.e.j.s.ServletContextHandler@46faa15a{/help,null,UNAVAILABLE}
2021-04-01 15:52:27,058 [main] WARN  org.eclipse.jgit.util.FS_Win32 - null
2021-04-01 15:55:46,130 [Worker-9: Loading available Gradle versions] INFO  o.e.b.c.i.u.g.PublishedGradleVersions - Gradle version information cache is out-of-date. Trying to update.
2021-04-01 15:55:46,927 [Worker-9: Loading available Gradle versions] INFO  o.e.b.c.i.u.g.PublishedGradleVersions - Updating Gradle version information cache failed. Using outdated cache.
2021-04-02 06:32:48,171 [main] WARN  org.eclipse.jgit.util.FS_Win32 - null
2021-04-02 06:33:15,196 [Worker-3: Loading available Gradle versions] INFO  o.e.b.c.i.u.g.PublishedGradleVersions - Gradle version information cache is out-of-date. Trying to update.
2021-04-02 06:33:16,165 [Worker-3: Loading available Gradle versions] INFO  o.e.b.c.i.u.g.PublishedGradleVersions - Updating Gradle version information cache failed. Using outdated cache.
2021-04-02 18:58:12,453 [main] WARN  org.eclipse.jgit.util.FS_Win32 - null
2021-04-02 18:58:53,201 [Worker-9: Loading available Gradle versions] INFO  o.e.b.c.i.u.g.PublishedGradleVersions - Gradle version information cache is out-of-date. Trying to update.
2021-04-02 18:58:53,849 [Worker-9: Loading available Gradle versions] INFO  o.e.b.c.i.u.g.PublishedGradleVersions - Updating Gradle version information cache failed. Using outdated cache.
2021-04-03 11:04:10,702 [main] WARN  org.eclipse.jgit.util.FS_Win32 - null
2021-04-03 11:04:31,828 [Worker-0: Loading available Gradle versions] INFO  o.e.b.c.i.u.g.PublishedGradleVersions - Gradle version information cache is out-of-date. Trying to update.
2021-04-03 11:04:34,358 [Worker-0: Loading available Gradle versions] INFO  o.e.b.c.i.u.g.PublishedGradleVersions - Updating Gradle version information cache failed. Using outdated cache.
2021-04-03 17:36:51,897 [main] WARN  org.eclipse.jgit.util.FS_Win32 - null
2021-04-03 17:37:23,936 [Worker-2: Loading available Gradle versions] INFO  o.e.b.c.i.u.g.PublishedGradleVersions - Gradle version information cache is out-of-date. Trying to update.
2021-04-03 17:37:24,454 [Worker-2: Loading available Gradle versions] INFO  o.e.b.c.i.u.g.PublishedGradleVersions - Updating Gradle version information cache failed. Using outdated cache.
2021-04-03 20:47:57,402 [main] WARN  org.eclipse.jgit.util.FS_Win32 - null
2021-04-03 20:49:52,144 [Worker-2: Loading available Gradle versions] INFO  o.e.b.c.i.u.g.PublishedGradleVersions - Gradle version information cache is out-of-date. Trying to update.
2021-04-03 20:49:52,750 [Worker-2: Loading available Gradle versions] INFO  o.e.b.c.i.u.g.PublishedGradleVersions - Updating Gradle version information cache failed. Using outdated cache.
2021-04-04 06:31:00,564 [main] WARN  org.eclipse.jgit.util.FS_Win32 - null
2021-04-04 06:31:19,502 [Worker-1: Loading available Gradle versions] INFO  o.e.b.c.i.u.g.PublishedGradleVersions - Gradle version information cache is out-of-date. Trying to update.
2021-04-04 06:31:24,306 [Worker-1: Loading available Gradle versions] INFO  o.e.b.c.i.u.g.PublishedGradleVersions - Updating Gradle version information cache failed. Using outdated cache.
2021-04-05 09:02:56,239 [main] WARN  org.eclipse.jgit.util.FS_Win32 - null
2021-04-05 09:03:47,268 [Worker-0: Loading available Gradle versions] INFO  o.e.b.c.i.u.g.PublishedGradleVersions - Gradle version information cache is out-of-date. Trying to update.
2021-04-05 09:03:47,967 [Worker-0: Loading available Gradle versions] INFO  o.e.b.c.i.u.g.PublishedGradleVersions - Updating Gradle version information cache failed. Using outdated cache.
2021-04-06 09:36:37,164 [main] WARN  org.eclipse.jgit.util.FS_Win32 - null
2021-04-06 09:38:29,449 [Worker-0: Loading available Gradle versions] INFO  o.e.b.c.i.u.g.PublishedGradleVersions - Gradle version information cache is out-of-date. Trying to update.
2021-04-06 09:38:29,947 [Worker-0: Loading available Gradle versions] INFO  o.e.b.c.i.u.g.PublishedGradleVersions - Updating Gradle version information cache failed. Using outdated cache.
2021-04-07 09:24:40,578 [main] WARN  org.eclipse.jgit.util.FS_Win32 - null
2021-04-07 09:25:39,005 [main] WARN  org.eclipse.jgit.util.FS_Win32 - null
2021-04-07 09:26:40,763 [Worker-5: Loading available Gradle versions] INFO  o.e.b.c.i.u.g.PublishedGradleVersions - Gradle version information cache is out-of-date. Trying to update.
2021-04-07 09:26:41,406 [Worker-5: Loading available Gradle versions] INFO  o.e.b.c.i.u.g.PublishedGradleVersions - Updating Gradle version information cache failed. Using outdated cache.
2021-04-07 18:31:58,822 [main] WARN  org.eclipse.jgit.util.FS_Win32 - null
2021-04-07 18:32:37,348 [Worker-10: Loading available Gradle versions] INFO  o.e.b.c.i.u.g.PublishedGradleVersions - Gradle version information cache is out-of-date. Trying to update.
2021-04-07 18:32:38,477 [Worker-10: Loading available Gradle versions] INFO  o.e.b.c.i.u.g.PublishedGradleVersions - Updating Gradle version information cache failed. Using outdated cache.
2021-04-07 20:44:11,135 [main] WARN  org.eclipse.jgit.util.FS_Win32 - null
2021-04-07 20:47:10,171 [Worker-2: Loading available Gradle versions] INFO  o.e.b.c.i.u.g.PublishedGradleVersions - Gradle version information cache is out-of-date. Trying to update.
2021-04-07 20:47:10,852 [Worker-2: Loading available Gradle versions] INFO  o.e.b.c.i.u.g.PublishedGradleVersions - Updating Gradle version information cache failed. Using outdated cache.
2021-04-08 06:31:36,609 [main] WARN  org.eclipse.jgit.util.FS_Win32 - null
2021-04-08 06:41:56,957 [Worker-7: Loading available Gradle versions] INFO  o.e.b.c.i.u.g.PublishedGradleVersions - Gradle version information cache is out-of-date. Trying to update.
2021-04-08 06:41:57,041 [Worker-7: Loading available Gradle versions] INFO  o.e.b.c.i.u.g.PublishedGradleVersions - Updating Gradle version information cache failed. Using outdated cache.
2021-04-08 08:06:47,513 [main] WARN  org.eclipse.jgit.util.FS_Win32 - null
2021-04-08 08:14:19,732 [Worker-14: Loading available Gradle versions] INFO  o.e.b.c.i.u.g.PublishedGradleVersions - Gradle version information cache is out-of-date. Trying to update.
2021-04-08 08:14:20,662 [Worker-14: Loading available Gradle versions] INFO  o.e.b.c.i.u.g.PublishedGradleVersions - Updating Gradle version information cache failed. Using outdated cache.
2021-04-08 09:20:10,049 [Start Help Server] INFO  org.eclipse.jetty.util.log - Logging initialized @4416105ms to org.eclipse.jetty.util.log.Slf4jLog
2021-04-08 09:20:10,546 [Start Help Server] INFO  org.eclipse.jetty.server.Server - jetty-9.4.27.v20200227; built: 2020-03-02T14:40:42.212Z; git: a304fd9f351f337e7c0e2a7c28878dd536149c6c; jvm 15.0.1+9-18
2021-04-08 09:20:10,611 [Start Help Server] INFO  org.eclipse.jetty.server.session - DefaultSessionIdManager workerName=node0
2021-04-08 09:20:10,611 [Start Help Server] INFO  org.eclipse.jetty.server.session - No SessionScavenger set, using defaults
2021-04-08 09:20:10,613 [Start Help Server] INFO  org.eclipse.jetty.server.session - node0 Scavenging every 660000ms
2021-04-08 09:20:10,702 [Start Help Server] INFO  o.e.j.server.handler.ContextHandler - Started o.e.j.s.ServletContextHandler@4ea27602{/help,null,AVAILABLE}
2021-04-08 09:20:10,799 [Start Help Server] INFO  o.e.jetty.server.AbstractConnector - Started ServerConnector@118315e{HTTP/1.1, (http/1.1)}{127.0.0.1:58537}
2021-04-08 09:20:10,799 [Start Help Server] INFO  org.eclipse.jetty.server.Server - Started @4416895ms
2021-04-08 09:20:10,800 [Start Help Server] INFO  org.eclipse.jetty.server.session - node0 Scavenging every 726000ms
2021-04-08 14:10:58,643 [Stop Help Server] INFO  o.e.jetty.server.AbstractConnector - Stopped ServerConnector@118315e{HTTP/1.1, (http/1.1)}{127.0.0.1:0}
2021-04-08 14:10:59,170 [Stop Help Server] INFO  org.eclipse.jetty.server.session - node0 Stopped scavenging
2021-04-08 14:11:02,210 [Stop Help Server] INFO  o.e.j.server.handler.ContextHandler - Stopped o.e.j.s.ServletContextHandler@4ea27602{/help,null,UNAVAILABLE}
2021-04-08 16:37:52,020 [main] WARN  org.eclipse.jgit.util.FS_Win32 - null
2021-04-08 16:38:49,821 [Worker-9: Loading available Gradle versions] INFO  o.e.b.c.i.u.g.PublishedGradleVersions - Gradle version information cache is out-of-date. Trying to update.
2021-04-08 16:38:50,629 [Worker-9: Loading available Gradle versions] INFO  o.e.b.c.i.u.g.PublishedGradleVersions - Updating Gradle version information cache failed. Using outdated cache.
2021-04-09 06:40:15,682 [main] WARN  org.eclipse.jgit.util.FS_Win32 - null
2021-04-09 06:48:02,420 [Worker-6: Loading available Gradle versions] INFO  o.e.b.c.i.u.g.PublishedGradleVersions - Gradle version information cache is out-of-date. Trying to update.
2021-04-09 06:48:03,113 [Worker-6: Loading available Gradle versions] INFO  o.e.b.c.i.u.g.PublishedGradleVersions - Updating Gradle version information cache failed. Using outdated cache.
2021-04-09 08:57:16,612 [main] WARN  org.eclipse.jgit.util.FS_Win32 - null
2021-04-09 08:57:51,754 [Worker-2: Loading available Gradle versions] INFO  o.e.b.c.i.u.g.PublishedGradleVersions - Gradle version information cache is out-of-date. Trying to update.
2021-04-09 08:57:52,408 [Worker-2: Loading available Gradle versions] INFO  o.e.b.c.i.u.g.PublishedGradleVersions - Updating Gradle version information cache failed. Using outdated cache.
2021-04-09 11:09:21,437 [main] WARN  org.eclipse.jgit.util.FS_Win32 - null
2021-04-09 11:09:41,597 [Worker-5: Loading available Gradle versions] INFO  o.e.b.c.i.u.g.PublishedGradleVersions - Gradle version information cache is out-of-date. Trying to update.
2021-04-09 11:09:42,186 [Worker-5: Loading available Gradle versions] INFO  o.e.b.c.i.u.g.PublishedGradleVersions - Updating Gradle version information cache failed. Using outdated cache.
2021-04-09 12:18:32,739 [main] WARN  org.eclipse.jgit.util.FS_Win32 - null
2021-04-09 12:30:53,627 [Worker-12: Loading available Gradle versions] INFO  o.e.b.c.i.u.g.PublishedGradleVersions - Gradle version information cache is out-of-date. Trying to update.
2021-04-09 12:30:54,171 [Worker-12: Loading available Gradle versions] INFO  o.e.b.c.i.u.g.PublishedGradleVersions - Updating Gradle version information cache failed. Using outdated cache.
2021-04-09 19:38:27,410 [main] WARN  org.eclipse.jgit.util.FS_Win32 - null
2021-04-09 19:40:46,570 [Worker-4: Loading available Gradle versions] INFO  o.e.b.c.i.u.g.PublishedGradleVersions - Gradle version information cache is out-of-date. Trying to update.
2021-04-09 19:40:47,135 [Worker-4: Loading available Gradle versions] INFO  o.e.b.c.i.u.g.PublishedGradleVersions - Updating Gradle version information cache failed. Using outdated cache.
2021-04-10 10:59:23,308 [main] WARN  org.eclipse.jgit.util.FS_Win32 - null
2021-04-10 11:27:52,030 [Worker-3: Loading available Gradle versions] INFO  o.e.b.c.i.u.g.PublishedGradleVersions - Gradle version information cache is out-of-date. Trying to update.
2021-04-10 11:27:52,727 [Worker-3: Loading available Gradle versions] INFO  o.e.b.c.i.u.g.PublishedGradleVersions - Updating Gradle version information cache failed. Using outdated cache.
2021-04-10 16:25:56,626 [main] WARN  org.eclipse.jgit.util.FS_Win32 - null
2021-04-10 16:27:00,517 [Worker-4: Loading available Gradle versions] INFO  o.e.b.c.i.u.g.PublishedGradleVersions - Gradle version information cache is out-of-date. Trying to update.
2021-04-10 16:27:01,247 [Worker-4: Loading available Gradle versions] INFO  o.e.b.c.i.u.g.PublishedGradleVersions - Updating Gradle version information cache failed. Using outdated cache.
2021-04-10 20:24:30,761 [main] WARN  org.eclipse.jgit.util.FS_Win32 - null
2021-04-10 20:25:33,337 [Worker-8: Loading available Gradle versions] INFO  o.e.b.c.i.u.g.PublishedGradleVersions - Gradle version information cache is out-of-date. Trying to update.
2021-04-10 20:25:33,475 [Worker-8: Loading available Gradle versions] INFO  o.e.b.c.i.u.g.PublishedGradleVersions - Updating Gradle version information cache failed. Using outdated cache.
2021-04-11 11:23:03,782 [main] WARN  org.eclipse.jgit.util.FS_Win32 - null
2021-04-11 11:24:11,854 [Worker-7: Loading available Gradle versions] INFO  o.e.b.c.i.u.g.PublishedGradleVersions - Gradle version information cache is out-of-date. Trying to update.
2021-04-11 11:24:12,892 [Worker-7: Loading available Gradle versions] INFO  o.e.b.c.i.u.g.PublishedGradleVersions - Updating Gradle version information cache failed. Using outdated cache.
2021-04-11 13:28:53,070 [main] WARN  org.eclipse.jgit.util.FS_Win32 - null
2021-04-11 13:29:58,539 [Worker-6: Loading available Gradle versions] INFO  o.e.b.c.i.u.g.PublishedGradleVersions - Gradle version information cache is out-of-date. Trying to update.
2021-04-11 13:29:59,473 [Worker-6: Loading available Gradle versions] INFO  o.e.b.c.i.u.g.PublishedGradleVersions - Updating Gradle version information cache failed. Using outdated cache.
2021-04-11 15:31:44,519 [main] WARN  org.eclipse.jgit.util.FS_Win32 - null
2021-04-11 15:32:20,442 [Worker-6: Loading available Gradle versions] INFO  o.e.b.c.i.u.g.PublishedGradleVersions - Gradle version information cache is out-of-date. Trying to update.
2021-04-11 15:32:21,171 [Worker-6: Loading available Gradle versions] INFO  o.e.b.c.i.u.g.PublishedGradleVersions - Updating Gradle version information cache failed. Using outdated cache.
2021-04-11 17:47:35,886 [main] WARN  org.eclipse.jgit.util.FS_Win32 - null
2021-04-11 17:48:07,168 [Worker-12: Loading available Gradle versions] INFO  o.e.b.c.i.u.g.PublishedGradleVersions - Gradle version information cache is out-of-date. Trying to update.
2021-04-11 17:48:07,844 [Worker-12: Loading available Gradle versions] INFO  o.e.b.c.i.u.g.PublishedGradleVersions - Updating Gradle version information cache failed. Using outdated cache.
2021-04-11 21:49:17,015 [main] WARN  org.eclipse.jgit.util.FS_Win32 - null
2021-04-11 21:51:17,978 [Worker-2: Loading available Gradle versions] INFO  o.e.b.c.i.u.g.PublishedGradleVersions - Gradle version information cache is out-of-date. Trying to update.
2021-04-11 21:51:18,606 [Worker-2: Loading available Gradle versions] INFO  o.e.b.c.i.u.g.PublishedGradleVersions - Updating Gradle version information cache failed. Using outdated cache.
2021-04-12 06:33:44,426 [main] WARN  org.eclipse.jgit.util.FS_Win32 - null
2021-04-12 06:35:01,807 [Worker-1: Loading available Gradle versions] INFO  o.e.b.c.i.u.g.PublishedGradleVersions - Gradle version information cache is out-of-date. Trying to update.
2021-04-12 06:35:02,409 [Worker-1: Loading available Gradle versions] INFO  o.e.b.c.i.u.g.PublishedGradleVersions - Updating Gradle version information cache failed. Using outdated cache.
2021-04-12 10:16:30,321 [main] WARN  org.eclipse.jgit.util.FS_Win32 - null
2021-04-12 10:17:39,213 [Worker-3: Loading available Gradle versions] INFO  o.e.b.c.i.u.g.PublishedGradleVersions - Gradle version information cache is out-of-date. Trying to update.
2021-04-12 10:17:39,653 [Worker-3: Loading available Gradle versions] INFO  o.e.b.c.i.u.g.PublishedGradleVersions - Updating Gradle version information cache failed. Using outdated cache.
2021-04-12 13:15:02,235 [main] WARN  org.eclipse.jgit.util.FS_Win32 - null
2021-04-12 13:15:49,994 [Worker-0: Loading available Gradle versions] INFO  o.e.b.c.i.u.g.PublishedGradleVersions - Gradle version information cache is out-of-date. Trying to update.
2021-04-12 13:15:50,715 [Worker-0: Loading available Gradle versions] INFO  o.e.b.c.i.u.g.PublishedGradleVersions - Updating Gradle version information cache failed. Using outdated cache.
2021-04-12 16:09:32,789 [main] WARN  org.eclipse.jgit.util.FS_Win32 - null
2021-04-12 16:10:18,534 [Worker-8: Loading available Gradle versions] INFO  o.e.b.c.i.u.g.PublishedGradleVersions - Gradle version information cache is out-of-date. Trying to update.
2021-04-12 16:10:19,052 [Worker-8: Loading available Gradle versions] INFO  o.e.b.c.i.u.g.PublishedGradleVersions - Updating Gradle version information cache failed. Using outdated cache.
2021-04-12 17:47:03,438 [main] WARN  org.eclipse.jgit.util.FS_Win32 - null
2021-04-12 17:47:46,994 [Worker-2: Loading available Gradle versions] INFO  o.e.b.c.i.u.g.PublishedGradleVersions - Gradle version information cache is out-of-date. Trying to update.
2021-04-12 17:47:47,733 [Worker-2: Loading available Gradle versions] INFO  o.e.b.c.i.u.g.PublishedGradleVersions - Updating Gradle version information cache failed. Using outdated cache.
2021-04-12 21:21:28,195 [main] WARN  org.eclipse.jgit.util.FS_Win32 - null
2021-04-12 21:22:30,481 [Worker-1: Loading available Gradle versions] INFO  o.e.b.c.i.u.g.PublishedGradleVersions - Gradle version information cache is out-of-date. Trying to update.
2021-04-12 21:22:31,287 [Worker-1: Loading available Gradle versions] INFO  o.e.b.c.i.u.g.PublishedGradleVersions - Updating Gradle version information cache failed. Using outdated cache.
2021-04-13 07:17:03,092 [main] WARN  org.eclipse.jgit.util.FS_Win32 - null
2021-04-13 07:19:08,185 [Worker-7: Loading available Gradle versions] INFO  o.e.b.c.i.u.g.PublishedGradleVersions - Gradle version information cache is out-of-date. Trying to update.
2021-04-13 07:19:08,929 [Worker-7: Loading available Gradle versions] INFO  o.e.b.c.i.u.g.PublishedGradleVersions - Updating Gradle version information cache failed. Using outdated cache.
2021-04-13 10:23:09,979 [main] WARN  org.eclipse.jgit.util.FS_Win32 - null
2021-04-13 10:23:40,915 [Start Help Server] INFO  org.eclipse.jetty.util.log - Logging initialized @36737ms to org.eclipse.jetty.util.log.Slf4jLog
2021-04-13 10:23:41,347 [Start Help Server] INFO  org.eclipse.jetty.server.Server - jetty-9.4.27.v20200227; built: 2020-03-02T14:40:42.212Z; git: a304fd9f351f337e7c0e2a7c28878dd536149c6c; jvm 15.0.1+9-18
2021-04-13 10:23:41,399 [Start Help Server] INFO  org.eclipse.jetty.server.session - DefaultSessionIdManager workerName=node0
2021-04-13 10:23:41,400 [Start Help Server] INFO  org.eclipse.jetty.server.session - No SessionScavenger set, using defaults
2021-04-13 10:23:41,401 [Start Help Server] INFO  org.eclipse.jetty.server.session - node0 Scavenging every 660000ms
2021-04-13 10:23:41,426 [Start Help Server] INFO  o.e.j.server.handler.ContextHandler - Started o.e.j.s.ServletContextHandler@be42d88{/help,null,AVAILABLE}
2021-04-13 10:23:41,475 [Start Help Server] INFO  o.e.jetty.server.AbstractConnector - Started ServerConnector@669d6340{HTTP/1.1, (http/1.1)}{127.0.0.1:51170}
2021-04-13 10:23:41,475 [Start Help Server] INFO  org.eclipse.jetty.server.Server - Started @37314ms
2021-04-13 10:23:41,475 [Start Help Server] INFO  org.eclipse.jetty.server.session - node0 Scavenging every 660000ms
2021-04-13 10:25:58,052 [Stop Help Server] INFO  o.e.jetty.server.AbstractConnector - Stopped ServerConnector@669d6340{HTTP/1.1, (http/1.1)}{127.0.0.1:0}
2021-04-13 10:25:58,053 [Stop Help Server] INFO  org.eclipse.jetty.server.session - node0 Stopped scavenging
2021-04-13 10:25:58,125 [Stop Help Server] INFO  o.e.j.server.handler.ContextHandler - Stopped o.e.j.s.ServletContextHandler@be42d88{/help,null,UNAVAILABLE}
2021-04-13 13:36:23,334 [main] WARN  org.eclipse.jgit.util.FS_Win32 - null
2021-04-13 13:36:57,025 [Worker-3: Loading available Gradle versions] INFO  o.e.b.c.i.u.g.PublishedGradleVersions - Gradle version information cache is out-of-date. Trying to update.
2021-04-13 13:36:57,679 [Worker-3: Loading available Gradle versions] INFO  o.e.b.c.i.u.g.PublishedGradleVersions - Updating Gradle version information cache failed. Using outdated cache.
2021-04-14 12:11:05,022 [main] WARN  org.eclipse.jgit.util.FS_Win32 - null
2021-04-14 12:12:12,780 [Worker-3: Loading available Gradle versions] INFO  o.e.b.c.i.u.g.PublishedGradleVersions - Gradle version information cache is out-of-date. Trying to update.
2021-04-14 12:12:13,340 [Worker-3: Loading available Gradle versions] INFO  o.e.b.c.i.u.g.PublishedGradleVersions - Updating Gradle version information cache failed. Using outdated cache.
2021-04-15 10:04:50,402 [main] WARN  org.eclipse.jgit.util.FS_Win32 - null
2021-04-15 10:06:01,829 [Worker-7: Loading available Gradle versions] INFO  o.e.b.c.i.u.g.PublishedGradleVersions - Gradle version information cache is out-of-date. Trying to update.
2021-04-15 10:06:02,899 [Worker-7: Loading available Gradle versions] INFO  o.e.b.c.i.u.g.PublishedGradleVersions - Updating Gradle version information cache failed. Using outdated cache.
2021-04-15 10:48:27,409 [main] WARN  org.eclipse.jgit.util.FS_Win32 - null
2021-04-15 10:48:44,212 [Worker-5: Loading available Gradle versions] INFO  o.e.b.c.i.u.g.PublishedGradleVersions - Gradle version information cache is out-of-date. Trying to update.
2021-04-15 10:48:44,447 [Worker-5: Loading available Gradle versions] INFO  o.e.b.c.i.u.g.PublishedGradleVersions - Updating Gradle version information cache failed. Using outdated cache.
2021-04-15 11:00:23,635 [main] WARN  org.eclipse.jgit.util.FS_Win32 - null
2021-04-15 11:20:37,277 [Worker-15: Loading available Gradle versions] INFO  o.e.b.c.i.u.g.PublishedGradleVersions - Gradle version information cache is out-of-date. Trying to update.
2021-04-15 11:20:37,992 [Worker-15: Loading available Gradle versions] INFO  o.e.b.c.i.u.g.PublishedGradleVersions - Updating Gradle version information cache failed. Using outdated cache.
2021-04-15 21:32:18,218 [main] WARN  org.eclipse.jgit.util.FS_Win32 - null
2021-04-15 21:59:37,223 [Worker-16: Loading available Gradle versions] INFO  o.e.b.c.i.u.g.PublishedGradleVersions - Gradle version information cache is out-of-date. Trying to update.
2021-04-15 21:59:37,782 [Worker-16: Loading available Gradle versions] INFO  o.e.b.c.i.u.g.PublishedGradleVersions - Updating Gradle version information cache failed. Using outdated cache.
2021-04-16 06:39:19,532 [main] WARN  org.eclipse.jgit.util.FS_Win32 - null
2021-04-16 06:40:01,003 [Worker-0: Loading available Gradle versions] INFO  o.e.b.c.i.u.g.PublishedGradleVersions - Gradle version information cache is out-of-date. Trying to update.
2021-04-16 06:40:01,686 [Worker-0: Loading available Gradle versions] INFO  o.e.b.c.i.u.g.PublishedGradleVersions - Updating Gradle version information cache failed. Using outdated cache.
2021-04-16 11:31:57,697 [main] WARN  org.eclipse.jgit.util.FS_Win32 - null
2021-04-16 11:34:14,200 [Worker-8: Loading available Gradle versions] INFO  o.e.b.c.i.u.g.PublishedGradleVersions - Gradle version information cache is out-of-date. Trying to update.
2021-04-16 11:34:14,905 [Worker-8: Loading available Gradle versions] INFO  o.e.b.c.i.u.g.PublishedGradleVersions - Updating Gradle version information cache failed. Using outdated cache.
2021-04-17 07:15:18,420 [main] WARN  org.eclipse.jgit.util.FS_Win32 - null
2021-04-17 07:17:01,689 [Worker-1: Loading available Gradle versions] INFO  o.e.b.c.i.u.g.PublishedGradleVersions - Gradle version information cache is out-of-date. Trying to update.
2021-04-17 07:17:02,561 [Worker-1: Loading available Gradle versions] INFO  o.e.b.c.i.u.g.PublishedGradleVersions - Updating Gradle version information cache failed. Using outdated cache.
2021-04-17 08:27:57,402 [main] WARN  org.eclipse.jgit.util.FS_Win32 - null
2021-04-17 08:37:40,125 [Worker-12: Loading available Gradle versions] INFO  o.e.b.c.i.u.g.PublishedGradleVersions - Gradle version information cache is out-of-date. Trying to update.
2021-04-17 08:37:40,253 [Worker-12: Loading available Gradle versions] INFO  o.e.b.c.i.u.g.PublishedGradleVersions - Updating Gradle version information cache failed. Using outdated cache.
2021-04-17 14:36:45,687 [main] WARN  org.eclipse.jgit.util.FS_Win32 - null
2021-04-17 14:37:06,095 [Worker-2: Loading available Gradle versions] INFO  o.e.b.c.i.u.g.PublishedGradleVersions - Gradle version information cache is out-of-date. Trying to update.
2021-04-17 14:37:07,179 [Worker-2: Loading available Gradle versions] INFO  o.e.b.c.i.u.g.PublishedGradleVersions - Updating Gradle version information cache failed. Using outdated cache.
2021-04-18 20:44:27,413 [main] WARN  org.eclipse.jgit.util.FS_Win32 - null
2021-04-18 20:45:34,566 [Worker-5: Loading available Gradle versions] INFO  o.e.b.c.i.u.g.PublishedGradleVersions - Gradle version information cache is out-of-date. Trying to update.
2021-04-18 20:45:35,162 [Worker-5: Loading available Gradle versions] INFO  o.e.b.c.i.u.g.PublishedGradleVersions - Updating Gradle version information cache failed. Using outdated cache.
2021-04-19 06:10:45,413 [main] WARN  org.eclipse.jgit.util.FS_Win32 - null
2021-04-19 06:11:33,148 [Worker-4: Loading available Gradle versions] INFO  o.e.b.c.i.u.g.PublishedGradleVersions - Gradle version information cache is out-of-date. Trying to update.
2021-04-19 06:11:33,341 [Worker-4: Loading available Gradle versions] INFO  o.e.b.c.i.u.g.PublishedGradleVersions - Updating Gradle version information cache failed. Using outdated cache.
2021-04-19 11:02:50,642 [main] WARN  org.eclipse.jgit.util.FS_Win32 - null
2021-04-19 11:03:49,342 [Worker-3: Loading available Gradle versions] INFO  o.e.b.c.i.u.g.PublishedGradleVersions - Gradle version information cache is out-of-date. Trying to update.
2021-04-19 11:03:49,908 [Worker-3: Loading available Gradle versions] INFO  o.e.b.c.i.u.g.PublishedGradleVersions - Updating Gradle version information cache failed. Using outdated cache.
2021-04-19 14:33:35,723 [main] WARN  org.eclipse.jgit.util.FS_Win32 - null
2021-04-19 14:34:14,031 [Worker-5: Loading available Gradle versions] INFO  o.e.b.c.i.u.g.PublishedGradleVersions - Gradle version information cache is out-of-date. Trying to update.
2021-04-19 14:34:14,686 [Worker-5: Loading available Gradle versions] INFO  o.e.b.c.i.u.g.PublishedGradleVersions - Updating Gradle version information cache failed. Using outdated cache.
2021-04-19 18:18:04,696 [main] WARN  org.eclipse.jgit.util.FS_Win32 - null
2021-04-19 18:20:11,237 [Worker-7: Loading available Gradle versions] INFO  o.e.b.c.i.u.g.PublishedGradleVersions - Gradle version information cache is out-of-date. Trying to update.
2021-04-19 18:20:11,696 [Worker-7: Loading available Gradle versions] INFO  o.e.b.c.i.u.g.PublishedGradleVersions - Updating Gradle version information cache failed. Using outdated cache.
2021-04-19 19:00:23,286 [main] WARN  org.eclipse.jgit.util.FS_Win32 - null
2021-04-19 19:00:28,409 [Worker-0: Loading available Gradle versions] INFO  o.e.b.c.i.u.g.PublishedGradleVersions - Gradle version information cache is out-of-date. Trying to update.
2021-04-19 19:00:28,821 [Worker-0: Loading available Gradle versions] INFO  o.e.b.c.i.u.g.PublishedGradleVersions - Updating Gradle version information cache failed. Using outdated cache.
2021-04-20 08:49:30,687 [main] WARN  org.eclipse.jgit.util.FS_Win32 - null
2021-04-20 08:50:14,880 [Worker-10: Loading available Gradle versions] INFO  o.e.b.c.i.u.g.PublishedGradleVersions - Gradle version information cache is out-of-date. Trying to update.
2021-04-20 08:50:15,507 [Worker-10: Loading available Gradle versions] INFO  o.e.b.c.i.u.g.PublishedGradleVersions - Updating Gradle version information cache failed. Using outdated cache.
2021-04-20 12:40:22,888 [main] WARN  org.eclipse.jgit.util.FS_Win32 - null
2021-04-20 12:40:52,723 [Worker-0: Loading available Gradle versions] INFO  o.e.b.c.i.u.g.PublishedGradleVersions - Gradle version information cache is out-of-date. Trying to update.
2021-04-20 12:40:53,484 [Worker-0: Loading available Gradle versions] INFO  o.e.b.c.i.u.g.PublishedGradleVersions - Updating Gradle version information cache failed. Using outdated cache.
2021-04-20 16:13:19,275 [main] WARN  org.eclipse.jgit.util.FS_Win32 - null
2021-04-20 16:14:16,086 [Worker-4: Loading available Gradle versions] INFO  o.e.b.c.i.u.g.PublishedGradleVersions - Gradle version information cache is out-of-date. Trying to update.
2021-04-20 16:14:18,494 [Worker-4: Loading available Gradle versions] INFO  o.e.b.c.i.u.g.PublishedGradleVersions - Updating Gradle version information cache failed. Using outdated cache.
2021-04-21 18:36:16,671 [main] WARN  org.eclipse.jgit.util.FS_Win32 - null
2021-04-21 18:36:53,340 [Worker-8: Loading available Gradle versions] INFO  o.e.b.c.i.u.g.PublishedGradleVersions - Gradle version information cache is out-of-date. Trying to update.
2021-04-21 18:36:54,040 [Worker-8: Loading available Gradle versions] INFO  o.e.b.c.i.u.g.PublishedGradleVersions - Updating Gradle version information cache failed. Using outdated cache.
2021-04-22 06:30:45,957 [main] WARN  org.eclipse.jgit.util.FS_Win32 - null
2021-04-22 06:31:34,373 [Worker-8: Loading available Gradle versions] INFO  o.e.b.c.i.u.g.PublishedGradleVersions - Gradle version information cache is out-of-date. Trying to update.
2021-04-22 06:31:34,953 [Worker-8: Loading available Gradle versions] INFO  o.e.b.c.i.u.g.PublishedGradleVersions - Updating Gradle version information cache failed. Using outdated cache.
2021-04-28 09:21:12,541 [main] WARN  org.eclipse.jgit.util.FS_Win32 - null
2021-04-28 09:21:40,424 [Worker-3: Loading available Gradle versions] INFO  o.e.b.c.i.u.g.PublishedGradleVersions - Gradle version information cache is out-of-date. Trying to update.
2021-04-28 09:21:40,986 [Worker-3: Loading available Gradle versions] INFO  o.e.b.c.i.u.g.PublishedGradleVersions - Updating Gradle version information cache failed. Using outdated cache.
2021-06-02 20:35:12,539 [main] WARN  org.eclipse.jgit.util.FS_Win32 - null
2021-06-02 20:35:30,974 [Worker-0: Loading available Gradle versions] INFO  o.e.b.c.i.u.g.PublishedGradleVersions - Gradle version information cache is out-of-date. Trying to update.
2021-06-02 20:35:33,270 [Worker-0: Loading available Gradle versions] INFO  o.e.b.c.i.u.g.PublishedGradleVersions - Updating Gradle version information cache failed. Using outdated cache.
2021-06-11 16:23:40,920 [main] WARN  org.eclipse.jgit.util.FS_Win32 - null
2021-06-11 16:24:38,711 [Worker-0: Loading available Gradle versions] INFO  o.e.b.c.i.u.g.PublishedGradleVersions - Gradle version information cache is out-of-date. Trying to update.
2021-06-11 16:24:39,753 [Worker-0: Loading available Gradle versions] INFO  o.e.b.c.i.u.g.PublishedGradleVersions - Updating Gradle version information cache failed. Using outdated cache.
2021-06-12 08:36:09,410 [main] WARN  org.eclipse.jgit.util.FS_Win32 - null
2021-06-12 08:37:00,332 [Worker-6: Loading available Gradle versions] INFO  o.e.b.c.i.u.g.PublishedGradleVersions - Gradle version information cache is out-of-date. Trying to update.
2021-06-12 08:37:00,767 [Worker-6: Loading available Gradle versions] INFO  o.e.b.c.i.u.g.PublishedGradleVersions - Updating Gradle version information cache failed. Using outdated cache.
2021-06-15 20:31:40,732 [main] WARN  org.eclipse.jgit.util.FS_Win32 - null
2021-06-15 20:49:15,300 [Worker-8: Loading available Gradle versions] INFO  o.e.b.c.i.u.g.PublishedGradleVersions - Gradle version information cache is out-of-date. Trying to update.
2021-06-15 20:49:16,068 [Worker-8: Loading available Gradle versions] INFO  o.e.b.c.i.u.g.PublishedGradleVersions - Updating Gradle version information cache failed. Using outdated cache.
2021-06-17 15:58:34,158 [main] WARN  org.eclipse.jgit.util.FS_Win32 - null
2021-06-17 16:05:18,077 [Worker-9: Loading available Gradle versions] INFO  o.e.b.c.i.u.g.PublishedGradleVersions - Gradle version information cache is out-of-date. Trying to update.
2021-06-17 16:05:18,103 [Worker-9: Loading available Gradle versions] INFO  o.e.b.c.i.u.g.PublishedGradleVersions - Updating Gradle version information cache failed. Using outdated cache.
2021-06-18 06:31:46,143 [main] WARN  org.eclipse.jgit.util.FS_Win32 - null
2021-06-18 07:23:30,802 [Worker-0: Loading available Gradle versions] INFO  o.e.b.c.i.u.g.PublishedGradleVersions - Gradle version information cache is out-of-date. Trying to update.
2021-06-18 07:23:31,593 [Worker-0: Loading available Gradle versions] INFO  o.e.b.c.i.u.g.PublishedGradleVersions - Updating Gradle version information cache failed. Using outdated cache.
2022-02-14 08:55:36,640 [main] WARN  org.eclipse.jgit.util.FS_Win32 - null
2022-02-14 09:01:55,302 [Worker-7: Loading available Gradle versions] INFO  o.e.b.c.i.u.g.PublishedGradleVersions - Gradle version information cache is out-of-date. Trying to update.
2022-03-01 12:08:01,142 [Worker-0: Loading available Gradle versions] INFO  o.e.b.c.i.u.g.PublishedGradleVersions - Gradle version information cache is out-of-date. Trying to update.
2022-05-08 13:48:53,040 [Worker-4: Loading available Gradle versions] INFO  o.e.b.c.i.u.g.PublishedGradleVersions - Gradle version information cache is up-to-date. Trying to read.
2022-05-08 14:06:05,079 [Worker-1: Loading available Gradle versions] INFO  o.e.b.c.i.u.g.PublishedGradleVersions - Gradle version information cache is up-to-date. Trying to read.
